  MyForm.cpp
D:\škola\programovanie\uk\RP\RP\MyForm.cpp(7,33): warning C4829: Possibly incorrect parameters to function main. Consider 'int main(Platform::Array<Platform::String^>^ argv)'
  MyOpencv.cpp
D:\škola\programovanie\uk\RP\RP\MyOpencv.cpp(75,61): warning C4244: 'argument': conversion from 'double' to '_Tp', possible loss of data
          with
          [
              _Tp=float
          ]
D:\škola\programovanie\uk\RP\RP\MyOpencv.cpp(75,39): warning C4244: 'argument': conversion from 'double' to '_Tp', possible loss of data
          with
          [
              _Tp=float
          ]
D:\škola\programovanie\uk\RP\RP\MyOpencv.cpp(79,66): warning C4244: 'argument': conversion from 'double' to 'float', possible loss of data
D:\škola\programovanie\uk\RP\RP\MyOpencv.cpp(116,14): warning C4244: 'argument': conversion from 'double' to '_Tp', possible loss of data
          with
          [
              _Tp=int
          ]
  Generating Code...
D:\škola\programovanie\uk\RP\RP\opencv\build\include\opencv2\core\fast_math.hpp(318): warning C4793: '`anonymous namespace'::cvRound': function compiled as native:
  	Found an intrinsic not supported in managed code
D:\škola\programovanie\uk\RP\RP\opencv\build\include\opencv2\core\fast_math.hpp(319): warning C4793: '`anonymous namespace'::cvRound': function compiled as native:
  	Found an intrinsic not supported in managed code
  MyForm.obj : MSIL module encountered; incremental linking is disabled for MSIL; performing full link
  RP.vcxproj -> D:\škola\programovanie\uk\RP\x64\Release\RP.exe
